{"C:\\Users\\Aslı\\Desktop\\mini-crm\\src\\app.js": {"path":"C:\\Users\\Aslı\\Desktop\\mini-crm\\src\\app.js","statementMap":{"0":{"start":{"line":1,"column":16},"end":{"line":1,"column":34}},"1":{"start":{"line":2,"column":23},"end":{"line":2,"column":40}},"2":{"start":{"line":3,"column":15},"end":{"line":3,"column":38}},"3":{"start":{"line":5,"column":24},"end":{"line":5,"column":53}},"4":{"start":{"line":6,"column":21},"end":{"line":6,"column":47}},"5":{"start":{"line":8,"column":12},"end":{"line":8,"column":21}},"6":{"start":{"line":10,"column":0},"end":{"line":10,"column":24}},"7":{"start":{"line":16,"column":0},"end":{"line":19,"column":3}},"8":{"start":{"line":17,"column":4},"end":{"line":17,"column":31}},"9":{"start":{"line":18,"column":4},"end":{"line":18,"column":11}},"10":{"start":{"line":22,"column":0},"end":{"line":25,"column":3}},"11":{"start":{"line":23,"column":4},"end":{"line":23,"column":84}},"12":{"start":{"line":24,"column":4},"end":{"line":24,"column":11}},"13":{"start":{"line":27,"column":0},"end":{"line":27,"column":43}},"14":{"start":{"line":28,"column":0},"end":{"line":28,"column":37}},"15":{"start":{"line":34,"column":0},"end":{"line":54,"column":3}},"16":{"start":{"line":35,"column":2},"end":{"line":41,"column":5}},"17":{"start":{"line":43,"column":21},"end":{"line":43,"column":38}},"18":{"start":{"line":45,"column":2},"end":{"line":53,"column":5}},"19":{"start":{"line":56,"column":0},"end":{"line":56,"column":21}}},"fnMap":{"0":{"name":"(anonymous_0)","decl":{"start":{"line":16,"column":8},"end":{"line":16,"column":9}},"loc":{"start":{"line":16,"column":28},"end":{"line":19,"column":1}},"line":16},"1":{"name":"(anonymous_1)","decl":{"start":{"line":22,"column":8},"end":{"line":22,"column":9}},"loc":{"start":{"line":22,"column":28},"end":{"line":25,"column":1}},"line":22},"2":{"name":"(anonymous_2)","decl":{"start":{"line":34,"column":8},"end":{"line":34,"column":9}},"loc":{"start":{"line":34,"column":33},"end":{"line":54,"column":1}},"line":34}},"branchMap":{"0":{"loc":{"start":{"line":43,"column":21},"end":{"line":43,"column":38}},"type":"binary-expr","locations":[{"start":{"line":43,"column":21},"end":{"line":43,"column":31}},{"start":{"line":43,"column":35},"end":{"line":43,"column":38}}],"line":43},"1":{"loc":{"start":{"line":48,"column":15},"end":{"line":48,"column":62}},"type":"binary-expr","locations":[{"start":{"line":48,"column":15},"end":{"line":48,"column":26}},{"start":{"line":48,"column":30},"end":{"line":48,"column":62}}],"line":48},"2":{"loc":{"start":{"line":49,"column":12},"end":{"line":49,"column":47}},"type":"binary-expr","locations":[{"start":{"line":49,"column":12},"end":{"line":49,"column":20}},{"start":{"line":49,"column":24},"end":{"line":49,"column":47}}],"line":49}},"s":{"0":2,"1":2,"2":2,"3":2,"4":2,"5":2,"6":2,"7":2,"8":1,"9":1,"10":2,"11":1,"12":1,"13":2,"14":2,"15":2,"16":1,"17":1,"18":1,"19":2},"f":{"0":1,"1":1,"2":1},"b":{"0":[1,1],"1":[1,0],"2":[1,1]},"_coverageSchema":"1a1c01bbd47fc00a2c39e90264f33305004495a9","hash":"508880201bda7fb7a29c7ce1752c25c9961cf8db"}
,"C:\\Users\\Aslı\\Desktop\\mini-crm\\src\\config\\index.js": {"path":"C:\\Users\\Aslı\\Desktop\\mini-crm\\src\\config\\index.js","statementMap":{"0":{"start":{"line":1,"column":0},"end":{"line":1,"column":27}},"1":{"start":{"line":3,"column":0},"end":{"line":31,"column":2}}},"fnMap":{},"branchMap":{"0":{"loc":{"start":{"line":5,"column":14},"end":{"line":5,"column":47}},"type":"binary-expr","locations":[{"start":{"line":5,"column":14},"end":{"line":5,"column":33}},{"start":{"line":5,"column":37},"end":{"line":5,"column":47}}],"line":5},"1":{"loc":{"start":{"line":6,"column":14},"end":{"line":6,"column":47}},"type":"binary-expr","locations":[{"start":{"line":6,"column":14},"end":{"line":6,"column":33}},{"start":{"line":6,"column":37},"end":{"line":6,"column":47}}],"line":6},"2":{"loc":{"start":{"line":7,"column":14},"end":{"line":7,"column":51}},"type":"binary-expr","locations":[{"start":{"line":7,"column":14},"end":{"line":7,"column":33}},{"start":{"line":7,"column":37},"end":{"line":7,"column":51}}],"line":7},"3":{"loc":{"start":{"line":8,"column":10},"end":{"line":8,"column":44}},"type":"binary-expr","locations":[{"start":{"line":8,"column":10},"end":{"line":8,"column":29}},{"start":{"line":8,"column":33},"end":{"line":8,"column":44}}],"line":8},"4":{"loc":{"start":{"line":10,"column":10},"end":{"line":10,"column":37}},"type":"binary-expr","locations":[{"start":{"line":10,"column":10},"end":{"line":10,"column":29}},{"start":{"line":10,"column":33},"end":{"line":10,"column":37}}],"line":10},"5":{"loc":{"start":{"line":28,"column":10},"end":{"line":28,"column":37}},"type":"binary-expr","locations":[{"start":{"line":28,"column":10},"end":{"line":28,"column":29}},{"start":{"line":28,"column":33},"end":{"line":28,"column":37}}],"line":28}},"s":{"0":2,"1":2},"f":{},"b":{"0":[2,0],"1":[2,0],"2":[2,0],"3":[2,0],"4":[2,0],"5":[2,0]},"_coverageSchema":"1a1c01bbd47fc00a2c39e90264f33305004495a9","hash":"0d3d45b04557bdc6fef9ce6d9abffb4ebc58c03a"}
,"C:\\Users\\Aslı\\Desktop\\mini-crm\\src\\lib\\logger.js": {"path":"C:\\Users\\Aslı\\Desktop\\mini-crm\\src\\lib\\logger.js","statementMap":{"0":{"start":{"line":1,"column":45},"end":{"line":1,"column":63}},"1":{"start":{"line":3,"column":15},"end":{"line":19,"column":2}},"2":{"start":{"line":9,"column":6},"end":{"line":11,"column":7}},"3":{"start":{"line":10,"column":8},"end":{"line":10,"column":63}},"4":{"start":{"line":12,"column":6},"end":{"line":12,"column":50}},"5":{"start":{"line":22,"column":0},"end":{"line":22,"column":24}}},"fnMap":{"0":{"name":"(anonymous_0)","decl":{"start":{"line":8,"column":18},"end":{"line":8,"column":19}},"loc":{"start":{"line":8,"column":60},"end":{"line":13,"column":5}},"line":8}},"branchMap":{"0":{"loc":{"start":{"line":4,"column":9},"end":{"line":4,"column":41}},"type":"binary-expr","locations":[{"start":{"line":4,"column":9},"end":{"line":4,"column":30}},{"start":{"line":4,"column":34},"end":{"line":4,"column":41}}],"line":4},"1":{"loc":{"start":{"line":9,"column":6},"end":{"line":11,"column":7}},"type":"if","locations":[{"start":{"line":9,"column":6},"end":{"line":11,"column":7}},{"start":{},"end":{}}],"line":9}},"s":{"0":2,"1":2,"2":3,"3":1,"4":2,"5":2},"f":{"0":3},"b":{"0":[2,2],"1":[1,2]},"_coverageSchema":"1a1c01bbd47fc00a2c39e90264f33305004495a9","hash":"c314805b09a8bf50e3e0e99ff50132ee95b73fcb"}
,"C:\\Users\\Aslı\\Desktop\\mini-crm\\src\\models\\customer.js": {"path":"C:\\Users\\Aslı\\Desktop\\mini-crm\\src\\models\\customer.js","statementMap":{"0":{"start":{"line":2,"column":0},"end":{"line":41,"column":2}},"1":{"start":{"line":3,"column":19},"end":{"line":38,"column":4}},"2":{"start":{"line":40,"column":2},"end":{"line":40,"column":18}}},"fnMap":{"0":{"name":"(anonymous_0)","decl":{"start":{"line":2,"column":17},"end":{"line":2,"column":18}},"loc":{"start":{"line":2,"column":43},"end":{"line":41,"column":1}},"line":2}},"branchMap":{},"s":{"0":2,"1":2,"2":2},"f":{"0":2},"b":{},"_coverageSchema":"1a1c01bbd47fc00a2c39e90264f33305004495a9","hash":"99b64f2749d5bd9f962b6f2ad117a320eefea334"}
,"C:\\Users\\Aslı\\Desktop\\mini-crm\\src\\models\\index.js": {"path":"C:\\Users\\Aslı\\Desktop\\mini-crm\\src\\models\\index.js","statementMap":{"0":{"start":{"line":3,"column":11},"end":{"line":3,"column":24}},"1":{"start":{"line":4,"column":13},"end":{"line":4,"column":28}},"2":{"start":{"line":5,"column":18},"end":{"line":5,"column":38}},"3":{"start":{"line":6,"column":16},"end":{"line":6,"column":34}},"4":{"start":{"line":7,"column":17},"end":{"line":7,"column":42}},"5":{"start":{"line":8,"column":12},"end":{"line":8,"column":49}},"6":{"start":{"line":10,"column":15},"end":{"line":10,"column":49}},"7":{"start":{"line":11,"column":11},"end":{"line":11,"column":13}},"8":{"start":{"line":14,"column":0},"end":{"line":19,"column":1}},"9":{"start":{"line":15,"column":2},"end":{"line":15,"column":74}},"10":{"start":{"line":18,"column":2},"end":{"line":18,"column":87}},"11":{"start":{"line":21,"column":0},"end":{"line":34,"column":5}},"12":{"start":{"line":24,"column":4},"end":{"line":29,"column":6}},"13":{"start":{"line":32,"column":18},"end":{"line":32,"column":85}},"14":{"start":{"line":33,"column":4},"end":{"line":33,"column":27}},"15":{"start":{"line":36,"column":0},"end":{"line":40,"column":3}},"16":{"start":{"line":37,"column":2},"end":{"line":39,"column":3}},"17":{"start":{"line":38,"column":4},"end":{"line":38,"column":32}},"18":{"start":{"line":42,"column":0},"end":{"line":42,"column":25}},"19":{"start":{"line":43,"column":0},"end":{"line":43,"column":25}},"20":{"start":{"line":45,"column":0},"end":{"line":45,"column":20}}},"fnMap":{"0":{"name":"(anonymous_0)","decl":{"start":{"line":23,"column":10},"end":{"line":23,"column":11}},"loc":{"start":{"line":23,"column":18},"end":{"line":30,"column":3}},"line":23},"1":{"name":"(anonymous_1)","decl":{"start":{"line":31,"column":11},"end":{"line":31,"column":12}},"loc":{"start":{"line":31,"column":19},"end":{"line":34,"column":3}},"line":31},"2":{"name":"(anonymous_2)","decl":{"start":{"line":36,"column":24},"end":{"line":36,"column":25}},"loc":{"start":{"line":36,"column":37},"end":{"line":40,"column":1}},"line":36}},"branchMap":{"0":{"loc":{"start":{"line":8,"column":12},"end":{"line":8,"column":49}},"type":"binary-expr","locations":[{"start":{"line":8,"column":12},"end":{"line":8,"column":32}},{"start":{"line":8,"column":36},"end":{"line":8,"column":49}}],"line":8},"1":{"loc":{"start":{"line":14,"column":0},"end":{"line":19,"column":1}},"type":"if","locations":[{"start":{"line":14,"column":0},"end":{"line":19,"column":1}},{"start":{"line":16,"column":7},"end":{"line":19,"column":1}}],"line":14},"2":{"loc":{"start":{"line":25,"column":6},"end":{"line":28,"column":37}},"type":"binary-expr","locations":[{"start":{"line":25,"column":6},"end":{"line":25,"column":29}},{"start":{"line":26,"column":6},"end":{"line":26,"column":23}},{"start":{"line":27,"column":6},"end":{"line":27,"column":30}},{"start":{"line":28,"column":6},"end":{"line":28,"column":37}}],"line":25},"3":{"loc":{"start":{"line":37,"column":2},"end":{"line":39,"column":3}},"type":"if","locations":[{"start":{"line":37,"column":2},"end":{"line":39,"column":3}},{"start":{},"end":{}}],"line":37}},"s":{"0":2,"1":2,"2":2,"3":2,"4":2,"5":2,"6":2,"7":2,"8":2,"9":0,"10":2,"11":2,"12":6,"13":4,"14":4,"15":2,"16":4,"17":2,"18":2,"19":2,"20":2},"f":{"0":6,"1":4,"2":4},"b":{"0":[2,0],"1":[0,2],"2":[6,6,4,4],"3":[2,2]},"_coverageSchema":"1a1c01bbd47fc00a2c39e90264f33305004495a9","hash":"4f7b2a622bdab75871a4252d6ac3a8f4edc7b2f4"}
,"C:\\Users\\Aslı\\Desktop\\mini-crm\\src\\models\\order.js": {"path":"C:\\Users\\Aslı\\Desktop\\mini-crm\\src\\models\\order.js","statementMap":{"0":{"start":{"line":1,"column":0},"end":{"line":36,"column":2}},"1":{"start":{"line":2,"column":16},"end":{"line":25,"column":4}},"2":{"start":{"line":28,"column":2},"end":{"line":33,"column":4}},"3":{"start":{"line":29,"column":4},"end":{"line":32,"column":7}},"4":{"start":{"line":35,"column":2},"end":{"line":35,"column":15}}},"fnMap":{"0":{"name":"(anonymous_0)","decl":{"start":{"line":1,"column":17},"end":{"line":1,"column":18}},"loc":{"start":{"line":1,"column":43},"end":{"line":36,"column":1}},"line":1},"1":{"name":"(anonymous_1)","decl":{"start":{"line":28,"column":20},"end":{"line":28,"column":21}},"loc":{"start":{"line":28,"column":32},"end":{"line":33,"column":3}},"line":28}},"branchMap":{},"s":{"0":2,"1":2,"2":2,"3":2,"4":2},"f":{"0":2,"1":2},"b":{},"_coverageSchema":"1a1c01bbd47fc00a2c39e90264f33305004495a9","hash":"007e5af3cc13806567fb19bd8ac700373f608279"}
,"C:\\Users\\Aslı\\Desktop\\mini-crm\\src\\routes\\customers.js": {"path":"C:\\Users\\Aslı\\Desktop\\mini-crm\\src\\routes\\customers.js","statementMap":{"0":{"start":{"line":1,"column":16},"end":{"line":1,"column":34}},"1":{"start":{"line":2,"column":15},"end":{"line":2,"column":31}},"2":{"start":{"line":3,"column":21},"end":{"line":3,"column":41}},"3":{"start":{"line":4,"column":24},"end":{"line":4,"column":62}},"4":{"start":{"line":5,"column":15},"end":{"line":5,"column":39}},"5":{"start":{"line":8,"column":0},"end":{"line":16,"column":3}},"6":{"start":{"line":9,"column":2},"end":{"line":15,"column":3}},"7":{"start":{"line":10,"column":22},"end":{"line":10,"column":59}},"8":{"start":{"line":11,"column":4},"end":{"line":11,"column":24}},"9":{"start":{"line":13,"column":4},"end":{"line":13,"column":54}},"10":{"start":{"line":14,"column":4},"end":{"line":14,"column":14}},"11":{"start":{"line":19,"column":0},"end":{"line":39,"column":3}},"12":{"start":{"line":20,"column":2},"end":{"line":38,"column":3}},"13":{"start":{"line":21,"column":22},"end":{"line":21,"column":30}},"14":{"start":{"line":24,"column":29},"end":{"line":24,"column":73}},"15":{"start":{"line":25,"column":4},"end":{"line":30,"column":5}},"16":{"start":{"line":26,"column":20},"end":{"line":26,"column":68}},"17":{"start":{"line":27,"column":6},"end":{"line":27,"column":25}},"18":{"start":{"line":28,"column":6},"end":{"line":28,"column":37}},"19":{"start":{"line":29,"column":6},"end":{"line":29,"column":18}},"20":{"start":{"line":33,"column":21},"end":{"line":33,"column":67}},"21":{"start":{"line":34,"column":4},"end":{"line":34,"column":35}},"22":{"start":{"line":36,"column":4},"end":{"line":36,"column":54}},"23":{"start":{"line":37,"column":4},"end":{"line":37,"column":14}},"24":{"start":{"line":41,"column":0},"end":{"line":41,"column":24}}},"fnMap":{"0":{"name":"(anonymous_0)","decl":{"start":{"line":8,"column":16},"end":{"line":8,"column":17}},"loc":{"start":{"line":8,"column":42},"end":{"line":16,"column":1}},"line":8},"1":{"name":"(anonymous_1)","decl":{"start":{"line":19,"column":17},"end":{"line":19,"column":18}},"loc":{"start":{"line":19,"column":43},"end":{"line":39,"column":1}},"line":19}},"branchMap":{"0":{"loc":{"start":{"line":25,"column":4},"end":{"line":30,"column":5}},"type":"if","locations":[{"start":{"line":25,"column":4},"end":{"line":30,"column":5}},{"start":{},"end":{}}],"line":25}},"s":{"0":2,"1":2,"2":2,"3":2,"4":2,"5":2,"6":0,"7":0,"8":0,"9":0,"10":0,"11":2,"12":0,"13":0,"14":0,"15":0,"16":0,"17":0,"18":0,"19":0,"20":0,"21":0,"22":0,"23":0,"24":2},"f":{"0":0,"1":0},"b":{"0":[0,0]},"_coverageSchema":"1a1c01bbd47fc00a2c39e90264f33305004495a9","hash":"6ebd2aac36bcbffe5cefce2ee91f6d9fb877e41a"}
,"C:\\Users\\Aslı\\Desktop\\mini-crm\\src\\routes\\orders.js": {"path":"C:\\Users\\Aslı\\Desktop\\mini-crm\\src\\routes\\orders.js","statementMap":{"0":{"start":{"line":1,"column":16},"end":{"line":1,"column":34}},"1":{"start":{"line":2,"column":15},"end":{"line":2,"column":31}},"2":{"start":{"line":3,"column":28},"end":{"line":3,"column":48}},"3":{"start":{"line":4,"column":15},"end":{"line":4,"column":39}},"4":{"start":{"line":7,"column":0},"end":{"line":46,"column":3}},"5":{"start":{"line":8,"column":2},"end":{"line":45,"column":3}},"6":{"start":{"line":9,"column":56},"end":{"line":9,"column":64}},"7":{"start":{"line":13,"column":23},"end":{"line":20,"column":6}},"8":{"start":{"line":23,"column":22},"end":{"line":23,"column":36}},"9":{"start":{"line":26,"column":4},"end":{"line":29,"column":5}},"10":{"start":{"line":27,"column":6},"end":{"line":27,"column":78}},"11":{"start":{"line":28,"column":6},"end":{"line":28,"column":44}},"12":{"start":{"line":32,"column":18},"end":{"line":36,"column":6}},"13":{"start":{"line":38,"column":4},"end":{"line":41,"column":7}},"14":{"start":{"line":43,"column":4},"end":{"line":43,"column":54}},"15":{"start":{"line":44,"column":4},"end":{"line":44,"column":14}},"16":{"start":{"line":48,"column":0},"end":{"line":48,"column":24}}},"fnMap":{"0":{"name":"(anonymous_0)","decl":{"start":{"line":7,"column":17},"end":{"line":7,"column":18}},"loc":{"start":{"line":7,"column":43},"end":{"line":46,"column":1}},"line":7}},"branchMap":{"0":{"loc":{"start":{"line":16,"column":19},"end":{"line":16,"column":38}},"type":"binary-expr","locations":[{"start":{"line":16,"column":19},"end":{"line":16,"column":28}},{"start":{"line":16,"column":32},"end":{"line":16,"column":38}}],"line":16},"1":{"loc":{"start":{"line":17,"column":18},"end":{"line":17,"column":39}},"type":"binary-expr","locations":[{"start":{"line":17,"column":18},"end":{"line":17,"column":26}},{"start":{"line":17,"column":30},"end":{"line":17,"column":39}}],"line":17},"2":{"loc":{"start":{"line":26,"column":4},"end":{"line":29,"column":5}},"type":"if","locations":[{"start":{"line":26,"column":4},"end":{"line":29,"column":5}},{"start":{},"end":{}}],"line":26},"3":{"loc":{"start":{"line":34,"column":19},"end":{"line":34,"column":35}},"type":"binary-expr","locations":[{"start":{"line":34,"column":19},"end":{"line":34,"column":30}},{"start":{"line":34,"column":34},"end":{"line":34,"column":35}}],"line":34}},"s":{"0":2,"1":2,"2":2,"3":2,"4":2,"5":1,"6":1,"7":1,"8":0,"9":0,"10":0,"11":0,"12":0,"13":0,"14":1,"15":1,"16":2},"f":{"0":1},"b":{"0":[1,1],"1":[1,1],"2":[0,0],"3":[0,0]},"_coverageSchema":"1a1c01bbd47fc00a2c39e90264f33305004495a9","hash":"c2cdbdae8a2e64b0f780f968b06956611aeeee20"}
,"C:\\Users\\Aslı\\Desktop\\mini-crm\\src\\services\\customerService.js": {"path":"C:\\Users\\Aslı\\Desktop\\mini-crm\\src\\services\\customerService.js","statementMap":{"0":{"start":{"line":1,"column":11},"end":{"line":1,"column":31}},"1":{"start":{"line":3,"column":0},"end":{"line":14,"column":2}},"2":{"start":{"line":7,"column":4},"end":{"line":7,"column":39}},"3":{"start":{"line":12,"column":4},"end":{"line":12,"column":42}}},"fnMap":{"0":{"name":"(anonymous_0)","decl":{"start":{"line":5,"column":2},"end":{"line":5,"column":3}},"loc":{"start":{"line":5,"column":24},"end":{"line":8,"column":3}},"line":5},"1":{"name":"(anonymous_1)","decl":{"start":{"line":11,"column":2},"end":{"line":11,"column":3}},"loc":{"start":{"line":11,"column":29},"end":{"line":13,"column":3}},"line":11}},"branchMap":{},"s":{"0":2,"1":2,"2":0,"3":0},"f":{"0":0,"1":0},"b":{},"_coverageSchema":"1a1c01bbd47fc00a2c39e90264f33305004495a9","hash":"e6dd086c7684aa35c35c716d809a81095c321304"}
}
