TN:
SF:src\app.js
FN:16,(anonymous_0)
FN:22,(anonymous_1)
FN:34,(anonymous_2)
FNF:3
FNH:3
FNDA:1,(anonymous_0)
FNDA:1,(anonymous_1)
FNDA:1,(anonymous_2)
DA:1,2
DA:2,2
DA:3,2
DA:5,2
DA:6,2
DA:8,2
DA:10,2
DA:16,2
DA:17,1
DA:18,1
DA:22,2
DA:23,1
DA:24,1
DA:27,2
DA:28,2
DA:34,2
DA:35,1
DA:43,1
DA:45,1
DA:56,2
LF:20
LH:20
BRDA:43,0,0,1
BRDA:43,0,1,1
BRDA:48,1,0,1
BRDA:48,1,1,0
BRDA:49,2,0,1
BRDA:49,2,1,1
BRF:6
BRH:5
end_of_record
TN:
SF:src\config\index.js
FNF:0
FNH:0
DA:1,2
DA:3,2
LF:2
LH:2
BRDA:5,0,0,2
BRDA:5,0,1,0
BRDA:6,1,0,2
BRDA:6,1,1,0
BRDA:7,2,0,2
BRDA:7,2,1,0
BRDA:8,3,0,2
BRDA:8,3,1,0
BRDA:10,4,0,2
BRDA:10,4,1,0
BRDA:28,5,0,2
BRDA:28,5,1,0
BRF:12
BRH:6
end_of_record
TN:
SF:src\lib\logger.js
FN:8,(anonymous_0)
FNF:1
FNH:1
FNDA:3,(anonymous_0)
DA:1,2
DA:3,2
DA:9,3
DA:10,1
DA:12,2
DA:22,2
LF:6
LH:6
BRDA:4,0,0,2
BRDA:4,0,1,2
BRDA:9,1,0,1
BRDA:9,1,1,2
BRF:4
BRH:4
end_of_record
TN:
SF:src\models\customer.js
FN:2,(anonymous_0)
FNF:1
FNH:1
FNDA:2,(anonymous_0)
DA:2,2
DA:3,2
DA:40,2
LF:3
LH:3
BRF:0
BRH:0
end_of_record
TN:
SF:src\models\index.js
FN:23,(anonymous_0)
FN:31,(anonymous_1)
FN:36,(anonymous_2)
FNF:3
FNH:3
FNDA:6,(anonymous_0)
FNDA:4,(anonymous_1)
FNDA:4,(anonymous_2)
DA:3,2
DA:4,2
DA:5,2
DA:6,2
DA:7,2
DA:8,2
DA:10,2
DA:11,2
DA:14,2
DA:15,0
DA:18,2
DA:21,2
DA:24,6
DA:32,4
DA:33,4
DA:36,2
DA:37,4
DA:38,2
DA:42,2
DA:43,2
DA:45,2
LF:21
LH:20
BRDA:8,0,0,2
BRDA:8,0,1,0
BRDA:14,1,0,0
BRDA:14,1,1,2
BRDA:25,2,0,6
BRDA:25,2,1,6
BRDA:25,2,2,4
BRDA:25,2,3,4
BRDA:37,3,0,2
BRDA:37,3,1,2
BRF:10
BRH:8
end_of_record
TN:
SF:src\models\order.js
FN:1,(anonymous_0)
FN:28,(anonymous_1)
FNF:2
FNH:2
FNDA:2,(anonymous_0)
FNDA:2,(anonymous_1)
DA:1,2
DA:2,2
DA:28,2
DA:29,2
DA:35,2
LF:5
LH:5
BRF:0
BRH:0
end_of_record
TN:
SF:src\routes\customers.js
FN:8,(anonymous_0)
FN:19,(anonymous_1)
FNF:2
FNH:0
FNDA:0,(anonymous_0)
FNDA:0,(anonymous_1)
DA:1,2
DA:2,2
DA:3,2
DA:4,2
DA:5,2
DA:8,2
DA:9,0
DA:10,0
DA:11,0
DA:13,0
DA:14,0
DA:19,2
DA:20,0
DA:21,0
DA:24,0
DA:25,0
DA:26,0
DA:27,0
DA:28,0
DA:29,0
DA:33,0
DA:34,0
DA:36,0
DA:37,0
DA:41,2
LF:25
LH:8
BRDA:25,0,0,0
BRDA:25,0,1,0
BRF:2
BRH:0
end_of_record
TN:
SF:src\routes\orders.js
FN:7,(anonymous_0)
FNF:1
FNH:1
FNDA:1,(anonymous_0)
DA:1,2
DA:2,2
DA:3,2
DA:4,2
DA:7,2
DA:8,1
DA:9,1
DA:13,1
DA:23,0
DA:26,0
DA:27,0
DA:28,0
DA:32,0
DA:38,0
DA:43,1
DA:44,1
DA:48,2
LF:17
LH:11
BRDA:16,0,0,1
BRDA:16,0,1,1
BRDA:17,1,0,1
BRDA:17,1,1,1
BRDA:26,2,0,0
BRDA:26,2,1,0
BRDA:34,3,0,0
BRDA:34,3,1,0
BRF:8
BRH:4
end_of_record
TN:
SF:src\services\customerService.js
FN:5,(anonymous_0)
FN:11,(anonymous_1)
FNF:2
FNH:0
FNDA:0,(anonymous_0)
FNDA:0,(anonymous_1)
DA:1,2
DA:3,2
DA:7,0
DA:12,0
LF:4
LH:2
BRF:0
BRH:0
end_of_record
